Assuming unrestricted shared filesystem usage.
None
host: GALAXYpb360-MWG
Building DAG of jobs...
Provided cores: 1 (use --cores to define parallelism)
Rules claiming more threads will be scaled down.
Job stats:
job                            count
---------------------------  -------
add_elevation_data                 1
all                                1
analyze_peaks_and_plot             1
extract_significant_places         1
fetch_peaks_viewpoints_bbox        1
fetch_pois_service                 1
generate_map                       1
generate_stage_summary             1
geocode_places                     1
merge_and_filter_pois              1
parse_full_gpx                     1
query_gemini_places                1
reverse_geocode                    1
screenshot_map                     1
sort_places_by_route               1
total                             15

Select jobs to execute...
Execute 1 jobs...
[Sun May  4 14:03:11 2025]
localrule fetch_peaks_viewpoints_bbox:
    input: data/Hamburg - Fehmarnsund solo 2.gpx
    output: output/5b_Hamburg - Fehmarnsund solo 2_peaks_viewpoints_bbox.json
    log: logs/5b_Hamburg - Fehmarnsund solo 2_fetch_peaks_viewpoints.log
    jobid: 13
    reason: Code has changed since last execution
    wildcards: basename=Hamburg - Fehmarnsund solo 2
    resources: tmpdir=C:\Users\marku\AppData\Local\Temp

Select jobs to execute...
[Sun May  4 14:03:32 2025]
Finished jobid: 13 (Rule: fetch_peaks_viewpoints_bbox)
1 of 15 steps (7%) done
Execute 1 jobs...
[Sun May  4 14:03:32 2025]
localrule parse_full_gpx:
    input: data/Hamburg - Fehmarnsund solo 2.gpx
    output: output/2_Hamburg - Fehmarnsund solo 2_track_data_full.csv
    log: logs/2_Hamburg - Fehmarnsund solo 2_parse_gpx_full.log
    jobid: 4
    reason: Missing output files: output/2_Hamburg - Fehmarnsund solo 2_track_data_full.csv
    wildcards: basename=Hamburg - Fehmarnsund solo 2
    resources: tmpdir=C:\Users\marku\AppData\Local\Temp

Select jobs to execute...
[Sun May  4 14:03:38 2025]
Finished jobid: 4 (Rule: parse_full_gpx)
2 of 15 steps (13%) done
Execute 1 jobs...
[Sun May  4 14:03:38 2025]
localrule add_elevation_data:
    input: output/2_Hamburg - Fehmarnsund solo 2_track_data_full.csv
    output: output/2c_Hamburg - Fehmarnsund solo 2_track_data_full_with_elevation.csv
    log: logs/2c_Hamburg - Fehmarnsund solo 2_add_elevation.log
    jobid: 3
    reason: Missing output files: output/2c_Hamburg - Fehmarnsund solo 2_track_data_full_with_elevation.csv; Input files updated by another job: output/2_Hamburg - Fehmarnsund solo 2_track_data_full.csv
    wildcards: basename=Hamburg - Fehmarnsund solo 2
    resources: tmpdir=C:\Users\marku\AppData\Local\Temp

RuleException:
CalledProcessError in file "C:\Users\marku\gpx_workflow_GEMINI\Snakefile", line 81:
Command 'python scripts/2c_add_elevation.py             --input-csv "output/2_Hamburg - Fehmarnsund solo 2_track_data_full.csv"             --output-csv "output/2c_Hamburg - Fehmarnsund solo 2_track_data_full_with_elevation.csv"             --batch-size 100             > "logs/2c_Hamburg - Fehmarnsund solo 2_add_elevation.log" 2>&1' returned non-zero exit status 2.
[Sun May  4 14:03:39 2025]
Error in rule add_elevation_data:
    message: None
    jobid: 3
    input: output/2_Hamburg - Fehmarnsund solo 2_track_data_full.csv
    output: output/2c_Hamburg - Fehmarnsund solo 2_track_data_full_with_elevation.csv
    log: logs/2c_Hamburg - Fehmarnsund solo 2_add_elevation.log (check log file(s) for error details)
    shell:
        
        python scripts/2c_add_elevation.py             --input-csv "output/2_Hamburg - Fehmarnsund solo 2_track_data_full.csv"             --output-csv "output/2c_Hamburg - Fehmarnsund solo 2_track_data_full_with_elevation.csv"             --batch-size 100             > "logs/2c_Hamburg - Fehmarnsund solo 2_add_elevation.log" 2>&1
        
        (command exited with non-zero exit code)
Shutting down, this might take some time.
Exiting because a job execution failed. Look below for error messages
[Sun May  4 14:03:39 2025]
Error in rule add_elevation_data:
    message: None
    jobid: 3
    input: output/2_Hamburg - Fehmarnsund solo 2_track_data_full.csv
    output: output/2c_Hamburg - Fehmarnsund solo 2_track_data_full_with_elevation.csv
    log: logs/2c_Hamburg - Fehmarnsund solo 2_add_elevation.log (check log file(s) for error details)
    shell:
        
        python scripts/2c_add_elevation.py             --input-csv "output/2_Hamburg - Fehmarnsund solo 2_track_data_full.csv"             --output-csv "output/2c_Hamburg - Fehmarnsund solo 2_track_data_full_with_elevation.csv"             --batch-size 100             > "logs/2c_Hamburg - Fehmarnsund solo 2_add_elevation.log" 2>&1
        
        (command exited with non-zero exit code)
Complete log(s): C:\Users\marku\gpx_workflow_GEMINI\.snakemake\log\2025-05-04T140309.946132.snakemake.log
WorkflowError:
At least one job did not complete successfully.
