Lints for rule parse_full_gpx (line 33, C:\Users\marku\gpx_workflow_GEMINI\Snakefile):
    * Specify a conda environment or container for each rule.:
      This way, the used software for each specific step is documented, and the workflow can be executed on any machine without prerequisites.
      Also see:
      https://snakemake.readthedocs.io/en/latest/snakefiles/deployment.html#integrated-package-management
      https://snakemake.readthedocs.io/en/latest/snakefiles/deployment.html#running-jobs-in-containers

Lints for rule create_api_optimized_track (line 48, C:\Users\marku\gpx_workflow_GEMINI\Snakefile):
    * Specify a conda environment or container for each rule.:
      This way, the used software for each specific step is documented, and the workflow can be executed on any machine without prerequisites.
      Also see:
      https://snakemake.readthedocs.io/en/latest/snakefiles/deployment.html#integrated-package-management
      https://snakemake.readthedocs.io/en/latest/snakefiles/deployment.html#running-jobs-in-containers

Lints for rule add_elevation_data (line 71, C:\Users\marku\gpx_workflow_GEMINI\Snakefile):
    * Specify a conda environment or container for each rule.:
      This way, the used software for each specific step is documented, and the workflow can be executed on any machine without prerequisites.
      Also see:
      https://snakemake.readthedocs.io/en/latest/snakefiles/deployment.html#integrated-package-management
      https://snakemake.readthedocs.io/en/latest/snakefiles/deployment.html#running-jobs-in-containers

Lints for rule geocode_places (line 92, C:\Users\marku\gpx_workflow_GEMINI\Snakefile):
    * Specify a conda environment or container for each rule.:
      This way, the used software for each specific step is documented, and the workflow can be executed on any machine without prerequisites.
      Also see:
      https://snakemake.readthedocs.io/en/latest/snakefiles/deployment.html#integrated-package-management
      https://snakemake.readthedocs.io/en/latest/snakefiles/deployment.html#running-jobs-in-containers

Lints for rule enrich_and_filter_places (line 113, C:\Users\marku\gpx_workflow_GEMINI\Snakefile):
    * Specify a conda environment or container for each rule.:
      This way, the used software for each specific step is documented, and the workflow can be executed on any machine without prerequisites.
      Also see:
      https://snakemake.readthedocs.io/en/latest/snakefiles/deployment.html#integrated-package-management
      https://snakemake.readthedocs.io/en/latest/snakefiles/deployment.html#running-jobs-in-containers

Lints for rule analyze_peaks_and_plot (line 139, C:\Users\marku\gpx_workflow_GEMINI\Snakefile):
    * Specify a conda environment or container for each rule.:
      This way, the used software for each specific step is documented, and the workflow can be executed on any machine without prerequisites.
      Also see:
      https://snakemake.readthedocs.io/en/latest/snakefiles/deployment.html#integrated-package-management
      https://snakemake.readthedocs.io/en/latest/snakefiles/deployment.html#running-jobs-in-containers

Lints for rule plot_speed_profile (line 185, C:\Users\marku\gpx_workflow_GEMINI\Snakefile):
    * Specify a conda environment or container for each rule.:
      This way, the used software for each specific step is documented, and the workflow can be executed on any machine without prerequisites.
      Also see:
      https://snakemake.readthedocs.io/en/latest/snakefiles/deployment.html#integrated-package-management
      https://snakemake.readthedocs.io/en/latest/snakefiles/deployment.html#running-jobs-in-containers

Lints for rule reverse_geocode (line 202, C:\Users\marku\gpx_workflow_GEMINI\Snakefile):
    * Specify a conda environment or container for each rule.:
      This way, the used software for each specific step is documented, and the workflow can be executed on any machine without prerequisites.
      Also see:
      https://snakemake.readthedocs.io/en/latest/snakefiles/deployment.html#integrated-package-management
      https://snakemake.readthedocs.io/en/latest/snakefiles/deployment.html#running-jobs-in-containers

Lints for rule fetch_surface_data (line 223, C:\Users\marku\gpx_workflow_GEMINI\Snakefile):
    * Specify a conda environment or container for each rule.:
      This way, the used software for each specific step is documented, and the workflow can be executed on any machine without prerequisites.
      Also see:
      https://snakemake.readthedocs.io/en/latest/snakefiles/deployment.html#integrated-package-management
      https://snakemake.readthedocs.io/en/latest/snakefiles/deployment.html#running-jobs-in-containers

Lints for rule fetch_pois_service (line 240, C:\Users\marku\gpx_workflow_GEMINI\Snakefile):
    * Specify a conda environment or container for each rule.:
      This way, the used software for each specific step is documented, and the workflow can be executed on any machine without prerequisites.
      Also see:
      https://snakemake.readthedocs.io/en/latest/snakefiles/deployment.html#integrated-package-management
      https://snakemake.readthedocs.io/en/latest/snakefiles/deployment.html#running-jobs-in-containers

Lints for rule fetch_peaks_viewpoints_bbox (line 263, C:\Users\marku\gpx_workflow_GEMINI\Snakefile):
    * Specify a conda environment or container for each rule.:
      This way, the used software for each specific step is documented, and the workflow can be executed on any machine without prerequisites.
      Also see:
      https://snakemake.readthedocs.io/en/latest/snakefiles/deployment.html#integrated-package-management
      https://snakemake.readthedocs.io/en/latest/snakefiles/deployment.html#running-jobs-in-containers

Lints for rule merge_and_filter_pois (line 284, C:\Users\marku\gpx_workflow_GEMINI\Snakefile):
    * Specify a conda environment or container for each rule.:
      This way, the used software for each specific step is documented, and the workflow can be executed on any machine without prerequisites.
      Also see:
      https://snakemake.readthedocs.io/en/latest/snakefiles/deployment.html#integrated-package-management
      https://snakemake.readthedocs.io/en/latest/snakefiles/deployment.html#running-jobs-in-containers

Lints for rule generate_map (line 311, C:\Users\marku\gpx_workflow_GEMINI\Snakefile):
    * Specify a conda environment or container for each rule.:
      This way, the used software for each specific step is documented, and the workflow can be executed on any machine without prerequisites.
      Also see:
      https://snakemake.readthedocs.io/en/latest/snakefiles/deployment.html#integrated-package-management
      https://snakemake.readthedocs.io/en/latest/snakefiles/deployment.html#running-jobs-in-containers

Lints for rule extract_significant_places (line 331, C:\Users\marku\gpx_workflow_GEMINI\Snakefile):
    * Specify a conda environment or container for each rule.:
      This way, the used software for each specific step is documented, and the workflow can be executed on any machine without prerequisites.
      Also see:
      https://snakemake.readthedocs.io/en/latest/snakefiles/deployment.html#integrated-package-management
      https://snakemake.readthedocs.io/en/latest/snakefiles/deployment.html#running-jobs-in-containers

Lints for rule sort_places_by_route (line 349, C:\Users\marku\gpx_workflow_GEMINI\Snakefile):
    * Specify a conda environment or container for each rule.:
      This way, the used software for each specific step is documented, and the workflow can be executed on any machine without prerequisites.
      Also see:
      https://snakemake.readthedocs.io/en/latest/snakefiles/deployment.html#integrated-package-management
      https://snakemake.readthedocs.io/en/latest/snakefiles/deployment.html#running-jobs-in-containers

Lints for rule query_gemini_places (line 371, C:\Users\marku\gpx_workflow_GEMINI\Snakefile):
    * Specify a conda environment or container for each rule.:
      This way, the used software for each specific step is documented, and the workflow can be executed on any machine without prerequisites.
      Also see:
      https://snakemake.readthedocs.io/en/latest/snakefiles/deployment.html#integrated-package-management
      https://snakemake.readthedocs.io/en/latest/snakefiles/deployment.html#running-jobs-in-containers

Lints for rule screenshot_map (line 396, C:\Users\marku\gpx_workflow_GEMINI\Snakefile):
    * Specify a conda environment or container for each rule.:
      This way, the used software for each specific step is documented, and the workflow can be executed on any machine without prerequisites.
      Also see:
      https://snakemake.readthedocs.io/en/latest/snakefiles/deployment.html#integrated-package-management
      https://snakemake.readthedocs.io/en/latest/snakefiles/deployment.html#running-jobs-in-containers

Lints for rule estimate_power (line 421, C:\Users\marku\gpx_workflow_GEMINI\Snakefile):
    * Specify a conda environment or container for each rule.:
      This way, the used software for each specific step is documented, and the workflow can be executed on any machine without prerequisites.
      Also see:
      https://snakemake.readthedocs.io/en/latest/snakefiles/deployment.html#integrated-package-management
      https://snakemake.readthedocs.io/en/latest/snakefiles/deployment.html#running-jobs-in-containers

Lints for rule generate_stage_summary (line 441, C:\Users\marku\gpx_workflow_GEMINI\Snakefile):
    * Specify a conda environment or container for each rule.:
      This way, the used software for each specific step is documented, and the workflow can be executed on any machine without prerequisites.
      Also see:
      https://snakemake.readthedocs.io/en/latest/snakefiles/deployment.html#integrated-package-management
      https://snakemake.readthedocs.io/en/latest/snakefiles/deployment.html#running-jobs-in-containers

