Assuming unrestricted shared filesystem usage.
None
host: GALAXYpb360-MWG
Building DAG of jobs...
Provided cores: 1 (use --cores to define parallelism)
Rules claiming more threads will be scaled down.
Job stats:
job                            count
---------------------------  -------
add_elevation_data                 1
all                                1
analyze_peaks_and_plot             1
create_api_optimized_track         1
enrich_and_filter_places           1
extract_significant_places         1
fetch_peaks_viewpoints_bbox        1
fetch_pois_service                 1
generate_map                       1
generate_stage_summary             1
geocode_places                     1
merge_and_filter_pois              1
parse_full_gpx                     1
query_gemini_places                1
reverse_geocode                    1
screenshot_map                     1
sort_places_by_route               1
total                             17

Select jobs to execute...
Execute 1 jobs...
[Fri May  9 13:39:33 2025]
localrule parse_full_gpx:
    input: data/Hamburg - Fehmarnsund solo mit Alster-Gravel.gpx
    output: output/2_Hamburg - Fehmarnsund solo mit Alster-Gravel_track_data_full.csv
    log: logs/2_Hamburg - Fehmarnsund solo mit Alster-Gravel_parse_gpx_full.log
    jobid: 4
    reason: Missing output files: output/2_Hamburg - Fehmarnsund solo mit Alster-Gravel_track_data_full.csv
    wildcards: basename=Hamburg - Fehmarnsund solo mit Alster-Gravel
    resources: tmpdir=C:\Users\marku\AppData\Local\Temp

Select jobs to execute...
[Fri May  9 13:39:35 2025]
Finished jobid: 4 (Rule: parse_full_gpx)
1 of 17 steps (6%) done
Execute 1 jobs...
[Fri May  9 13:39:35 2025]
localrule fetch_peaks_viewpoints_bbox:
    input: data/Hamburg - Fehmarnsund solo mit Alster-Gravel.gpx
    output: output/5b_Hamburg - Fehmarnsund solo mit Alster-Gravel_peaks_viewpoints_bbox.json
    log: logs/5b_Hamburg - Fehmarnsund solo mit Alster-Gravel_fetch_peaks_viewpoints.log
    jobid: 14
    reason: Missing output files: output/5b_Hamburg - Fehmarnsund solo mit Alster-Gravel_peaks_viewpoints_bbox.json
    wildcards: basename=Hamburg - Fehmarnsund solo mit Alster-Gravel
    resources: tmpdir=C:\Users\marku\AppData\Local\Temp

Select jobs to execute...
[Fri May  9 13:39:48 2025]
Finished jobid: 14 (Rule: fetch_peaks_viewpoints_bbox)
2 of 17 steps (12%) done
Execute 1 jobs...
[Fri May  9 13:39:48 2025]
localrule create_api_optimized_track:
    input: data/Hamburg - Fehmarnsund solo mit Alster-Gravel.gpx
    output: output/2b_Hamburg - Fehmarnsund solo mit Alster-Gravel_track_data_api_optimized.csv
    log: logs/2b_Hamburg - Fehmarnsund solo mit Alster-Gravel_simplify_track_api.log
    jobid: 9
    reason: Missing output files: output/2b_Hamburg - Fehmarnsund solo mit Alster-Gravel_track_data_api_optimized.csv
    wildcards: basename=Hamburg - Fehmarnsund solo mit Alster-Gravel
    resources: tmpdir=C:\Users\marku\AppData\Local\Temp

Select jobs to execute...
[Fri May  9 13:39:49 2025]
Finished jobid: 9 (Rule: create_api_optimized_track)
3 of 17 steps (18%) done
Execute 1 jobs...
[Fri May  9 13:39:49 2025]
localrule add_elevation_data:
    input: output/2_Hamburg - Fehmarnsund solo mit Alster-Gravel_track_data_full.csv
    output: output/2c_Hamburg - Fehmarnsund solo mit Alster-Gravel_track_data_full_with_elevation.csv
    log: logs/2c_Hamburg - Fehmarnsund solo mit Alster-Gravel_add_elevation.log
    jobid: 3
    reason: Missing output files: output/2c_Hamburg - Fehmarnsund solo mit Alster-Gravel_track_data_full_with_elevation.csv; Input files updated by another job: output/2_Hamburg - Fehmarnsund solo mit Alster-Gravel_track_data_full.csv
    wildcards: basename=Hamburg - Fehmarnsund solo mit Alster-Gravel
    resources: tmpdir=C:\Users\marku\AppData\Local\Temp

Select jobs to execute...
[Fri May  9 13:39:50 2025]
Finished jobid: 3 (Rule: add_elevation_data)
4 of 17 steps (24%) done
Execute 1 jobs...
[Fri May  9 13:39:50 2025]
localrule reverse_geocode:
    input: output/2b_Hamburg - Fehmarnsund solo mit Alster-Gravel_track_data_api_optimized.csv
    output: output/4_Hamburg - Fehmarnsund solo mit Alster-Gravel_track_data_with_location_optimized.csv
    log: logs/4_Hamburg - Fehmarnsund solo mit Alster-Gravel_reverse_geocode_optimized.log
    jobid: 8
    reason: Missing output files: output/4_Hamburg - Fehmarnsund solo mit Alster-Gravel_track_data_with_location_optimized.csv; Input files updated by another job: output/2b_Hamburg - Fehmarnsund solo mit Alster-Gravel_track_data_api_optimized.csv
    wildcards: basename=Hamburg - Fehmarnsund solo mit Alster-Gravel
    resources: tmpdir=C:\Users\marku\AppData\Local\Temp

[Fri May  9 13:43:43 2025]
Finished jobid: 8 (Rule: reverse_geocode)
5 of 17 steps (29%) done
Select jobs to execute...
Execute 1 jobs...
[Fri May  9 13:43:43 2025]
localrule fetch_pois_service:
    input: output/4_Hamburg - Fehmarnsund solo mit Alster-Gravel_track_data_with_location_optimized.csv
    output: output/5a_Hamburg - Fehmarnsund solo mit Alster-Gravel_pois_service_raw.csv
    log: logs/5a_Hamburg - Fehmarnsund solo mit Alster-Gravel_fetch_pois_service.log
    jobid: 13
    reason: Missing output files: output/5a_Hamburg - Fehmarnsund solo mit Alster-Gravel_pois_service_raw.csv; Input files updated by another job: output/4_Hamburg - Fehmarnsund solo mit Alster-Gravel_track_data_with_location_optimized.csv
    wildcards: basename=Hamburg - Fehmarnsund solo mit Alster-Gravel
    resources: tmpdir=C:\Users\marku\AppData\Local\Temp

Select jobs to execute...
[Fri May  9 13:48:39 2025]
Finished jobid: 13 (Rule: fetch_pois_service)
6 of 17 steps (35%) done
Execute 1 jobs...
[Fri May  9 13:48:39 2025]
localrule merge_and_filter_pois:
    input: output/5a_Hamburg - Fehmarnsund solo mit Alster-Gravel_pois_service_raw.csv, output/5b_Hamburg - Fehmarnsund solo mit Alster-Gravel_peaks_viewpoints_bbox.json, output/2c_Hamburg - Fehmarnsund solo mit Alster-Gravel_track_data_full_with_elevation.csv
    output: output/5c_Hamburg - Fehmarnsund solo mit Alster-Gravel_pois_relevant.csv
    log: logs/5c_Hamburg - Fehmarnsund solo mit Alster-Gravel_merge_filter_pois.log
    jobid: 12
    reason: Missing output files: output/5c_Hamburg - Fehmarnsund solo mit Alster-Gravel_pois_relevant.csv; Input files updated by another job: output/5a_Hamburg - Fehmarnsund solo mit Alster-Gravel_pois_service_raw.csv, output/2c_Hamburg - Fehmarnsund solo mit Alster-Gravel_track_data_full_with_elevation.csv, output/5b_Hamburg - Fehmarnsund solo mit Alster-Gravel_peaks_viewpoints_bbox.json
    wildcards: basename=Hamburg - Fehmarnsund solo mit Alster-Gravel
    resources: tmpdir=C:\Users\marku\AppData\Local\Temp

Select jobs to execute...
[Fri May  9 13:48:46 2025]
Finished jobid: 12 (Rule: merge_and_filter_pois)
7 of 17 steps (41%) done
Execute 1 jobs...
[Fri May  9 13:48:46 2025]
localrule generate_map:
    input: output/2_Hamburg - Fehmarnsund solo mit Alster-Gravel_track_data_full.csv, output/5c_Hamburg - Fehmarnsund solo mit Alster-Gravel_pois_relevant.csv
    output: output/6_Hamburg - Fehmarnsund solo mit Alster-Gravel_map_full.html
    log: logs/6_Hamburg - Fehmarnsund solo mit Alster-Gravel_generate_map_full.log
    jobid: 11
    reason: Missing output files: output/6_Hamburg - Fehmarnsund solo mit Alster-Gravel_map_full.html; Input files updated by another job: output/2_Hamburg - Fehmarnsund solo mit Alster-Gravel_track_data_full.csv, output/5c_Hamburg - Fehmarnsund solo mit Alster-Gravel_pois_relevant.csv
    wildcards: basename=Hamburg - Fehmarnsund solo mit Alster-Gravel
    resources: tmpdir=C:\Users\marku\AppData\Local\Temp

Select jobs to execute...
[Fri May  9 13:48:48 2025]
Finished jobid: 11 (Rule: generate_map)
8 of 17 steps (47%) done
Execute 1 jobs...
[Fri May  9 13:48:48 2025]
localrule screenshot_map:
    input: output/6_Hamburg - Fehmarnsund solo mit Alster-Gravel_map_full.html
    output: output/6_Hamburg - Fehmarnsund solo mit Alster-Gravel_map_full.png
    log: logs/10_Hamburg - Fehmarnsund solo mit Alster-Gravel_map_screenshot_full.log
    jobid: 15
    reason: Missing output files: output/6_Hamburg - Fehmarnsund solo mit Alster-Gravel_map_full.png; Input files updated by another job: output/6_Hamburg - Fehmarnsund solo mit Alster-Gravel_map_full.html
    wildcards: basename=Hamburg - Fehmarnsund solo mit Alster-Gravel
    resources: tmpdir=C:\Users\marku\AppData\Local\Temp

Select jobs to execute...
[Fri May  9 13:49:02 2025]
Finished jobid: 15 (Rule: screenshot_map)
9 of 17 steps (53%) done
Execute 1 jobs...
[Fri May  9 13:49:02 2025]
localrule extract_significant_places:
    input: output/4_Hamburg - Fehmarnsund solo mit Alster-Gravel_track_data_with_location_optimized.csv
    output: output/7_Hamburg - Fehmarnsund solo mit Alster-Gravel_places_summary_optimized.csv
    log: logs/7_Hamburg - Fehmarnsund solo mit Alster-Gravel_extract_places_optimized.log
    jobid: 10
    reason: Missing output files: output/7_Hamburg - Fehmarnsund solo mit Alster-Gravel_places_summary_optimized.csv; Input files updated by another job: output/4_Hamburg - Fehmarnsund solo mit Alster-Gravel_track_data_with_location_optimized.csv
    wildcards: basename=Hamburg - Fehmarnsund solo mit Alster-Gravel
    resources: tmpdir=C:\Users\marku\AppData\Local\Temp

[Fri May  9 13:49:03 2025]
Finished jobid: 10 (Rule: extract_significant_places)
10 of 17 steps (59%) done
Select jobs to execute...
Execute 1 jobs...
[Fri May  9 13:49:03 2025]
localrule sort_places_by_route:
    input: output/4_Hamburg - Fehmarnsund solo mit Alster-Gravel_track_data_with_location_optimized.csv, output/7_Hamburg - Fehmarnsund solo mit Alster-Gravel_places_summary_optimized.csv
    output: output/8_Hamburg - Fehmarnsund solo mit Alster-Gravel_places_sorted_optimized.csv
    log: logs/8_Hamburg - Fehmarnsund solo mit Alster-Gravel_sort_places_optimized.log
    jobid: 7
    reason: Missing output files: output/8_Hamburg - Fehmarnsund solo mit Alster-Gravel_places_sorted_optimized.csv; Input files updated by another job: output/7_Hamburg - Fehmarnsund solo mit Alster-Gravel_places_summary_optimized.csv, output/4_Hamburg - Fehmarnsund solo mit Alster-Gravel_track_data_with_location_optimized.csv
    wildcards: basename=Hamburg - Fehmarnsund solo mit Alster-Gravel
    resources: tmpdir=C:\Users\marku\AppData\Local\Temp

[Fri May  9 13:49:04 2025]
Finished jobid: 7 (Rule: sort_places_by_route)
11 of 17 steps (65%) done
Select jobs to execute...
Execute 1 jobs...
[Fri May  9 13:49:04 2025]
localrule geocode_places:
    input: output/8_Hamburg - Fehmarnsund solo mit Alster-Gravel_places_sorted_optimized.csv
    output: output/8b_Hamburg - Fehmarnsund solo mit Alster-Gravel_places_with_coords.csv
    log: logs/8b_Hamburg - Fehmarnsund solo mit Alster-Gravel_geocode_places.log
    jobid: 6
    reason: Missing output files: output/8b_Hamburg - Fehmarnsund solo mit Alster-Gravel_places_with_coords.csv; Input files updated by another job: output/8_Hamburg - Fehmarnsund solo mit Alster-Gravel_places_sorted_optimized.csv
    wildcards: basename=Hamburg - Fehmarnsund solo mit Alster-Gravel
    resources: tmpdir=C:\Users\marku\AppData\Local\Temp

[Fri May  9 13:49:44 2025]
Finished jobid: 6 (Rule: geocode_places)
12 of 17 steps (71%) done
Select jobs to execute...
Execute 1 jobs...
[Fri May  9 13:49:44 2025]
localrule enrich_and_filter_places:
    input: output/8b_Hamburg - Fehmarnsund solo mit Alster-Gravel_places_with_coords.csv, output/2c_Hamburg - Fehmarnsund solo mit Alster-Gravel_track_data_full_with_elevation.csv
    output: output/8c_Hamburg - Fehmarnsund solo mit Alster-Gravel_places_relevant_enriched.csv
    log: logs/8c_Hamburg - Fehmarnsund solo mit Alster-Gravel_enrich_filter_places.log
    jobid: 5
    reason: Missing output files: output/8c_Hamburg - Fehmarnsund solo mit Alster-Gravel_places_relevant_enriched.csv; Input files updated by another job: output/8b_Hamburg - Fehmarnsund solo mit Alster-Gravel_places_with_coords.csv, output/2c_Hamburg - Fehmarnsund solo mit Alster-Gravel_track_data_full_with_elevation.csv
    wildcards: basename=Hamburg - Fehmarnsund solo mit Alster-Gravel
    resources: tmpdir=C:\Users\marku\AppData\Local\Temp

[Fri May  9 13:49:51 2025]
Finished jobid: 5 (Rule: enrich_and_filter_places)
13 of 17 steps (76%) done
Select jobs to execute...
Execute 1 jobs...
[Fri May  9 13:49:51 2025]
localrule analyze_peaks_and_plot:
    input: output/2c_Hamburg - Fehmarnsund solo mit Alster-Gravel_track_data_full_with_elevation.csv, output/8c_Hamburg - Fehmarnsund solo mit Alster-Gravel_places_relevant_enriched.csv
    output: output/3_Hamburg - Fehmarnsund solo mit Alster-Gravel_peak_analysis_profile.png, output/3_Hamburg - Fehmarnsund solo mit Alster-Gravel_peak_segment_data.csv, output/3_Hamburg - Fehmarnsund solo mit Alster-Gravel_overall_stats.csv
    log: logs/3_Hamburg - Fehmarnsund solo mit Alster-Gravel_analyze_peaks_plot.log
    jobid: 2
    reason: Missing output files: output/3_Hamburg - Fehmarnsund solo mit Alster-Gravel_peak_analysis_profile.png, output/3_Hamburg - Fehmarnsund solo mit Alster-Gravel_peak_segment_data.csv, output/3_Hamburg - Fehmarnsund solo mit Alster-Gravel_overall_stats.csv; Input files updated by another job: output/8c_Hamburg - Fehmarnsund solo mit Alster-Gravel_places_relevant_enriched.csv, output/2c_Hamburg - Fehmarnsund solo mit Alster-Gravel_track_data_full_with_elevation.csv
    wildcards: basename=Hamburg - Fehmarnsund solo mit Alster-Gravel
    resources: tmpdir=C:\Users\marku\AppData\Local\Temp

Select jobs to execute...
RuleException:
CalledProcessError in file "C:\Users\marku\gpx_workflow_GEMINI\Snakefile", line 161:
Command 'python scripts/3_analyze_peaks_plot.py             --input-csv "output/2c_Hamburg - Fehmarnsund solo mit Alster-Gravel_track_data_full_with_elevation.csv"             --output-plot "output/3_Hamburg - Fehmarnsund solo mit Alster-Gravel_peak_analysis_profile.png"             --output-peak-csv "output/3_Hamburg - Fehmarnsund solo mit Alster-Gravel_peak_segment_data.csv"             --output-stats-csv "output/3_Hamburg - Fehmarnsund solo mit Alster-Gravel_overall_stats.csv"             --smooth-window 11             --smooth-poly 2             --gain-threshold 10.0             --eps-height 0.3             --prominence 30.0             --peak-edge-km 0.25             --plot-dpi 250             --plot-x-tick-major 5.0             --plot-x-tick-minor 1.0             --pause-min-duration 120.0             --pause-max-distance 5.0             --places-coords-csv "output/8c_Hamburg - Fehmarnsund solo mit Alster-Gravel_places_relevant_enriched.csv"             > "logs/3_Hamburg - Fehmarnsund solo mit Alster-Gravel_analyze_peaks_plot.log" 2>&1' returned non-zero exit status 1.
[Fri May  9 13:49:56 2025]
Error in rule analyze_peaks_and_plot:
    message: None
    jobid: 2
    input: output/2c_Hamburg - Fehmarnsund solo mit Alster-Gravel_track_data_full_with_elevation.csv, output/8c_Hamburg - Fehmarnsund solo mit Alster-Gravel_places_relevant_enriched.csv
    output: output/3_Hamburg - Fehmarnsund solo mit Alster-Gravel_peak_analysis_profile.png, output/3_Hamburg - Fehmarnsund solo mit Alster-Gravel_peak_segment_data.csv, output/3_Hamburg - Fehmarnsund solo mit Alster-Gravel_overall_stats.csv
    log: logs/3_Hamburg - Fehmarnsund solo mit Alster-Gravel_analyze_peaks_plot.log (check log file(s) for error details)
    shell:
        
        python scripts/3_analyze_peaks_plot.py             --input-csv "output/2c_Hamburg - Fehmarnsund solo mit Alster-Gravel_track_data_full_with_elevation.csv"             --output-plot "output/3_Hamburg - Fehmarnsund solo mit Alster-Gravel_peak_analysis_profile.png"             --output-peak-csv "output/3_Hamburg - Fehmarnsund solo mit Alster-Gravel_peak_segment_data.csv"             --output-stats-csv "output/3_Hamburg - Fehmarnsund solo mit Alster-Gravel_overall_stats.csv"             --smooth-window 11             --smooth-poly 2             --gain-threshold 10.0             --eps-height 0.3             --prominence 30.0             --peak-edge-km 0.25             --plot-dpi 250             --plot-x-tick-major 5.0             --plot-x-tick-minor 1.0             --pause-min-duration 120.0             --pause-max-distance 5.0             --places-coords-csv "output/8c_Hamburg - Fehmarnsund solo mit Alster-Gravel_places_relevant_enriched.csv"             > "logs/3_Hamburg - Fehmarnsund solo mit Alster-Gravel_analyze_peaks_plot.log" 2>&1
        
        (command exited with non-zero exit code)
Shutting down, this might take some time.
Exiting because a job execution failed. Look below for error messages
[Fri May  9 13:49:56 2025]
Error in rule analyze_peaks_and_plot:
    message: None
    jobid: 2
    input: output/2c_Hamburg - Fehmarnsund solo mit Alster-Gravel_track_data_full_with_elevation.csv, output/8c_Hamburg - Fehmarnsund solo mit Alster-Gravel_places_relevant_enriched.csv
    output: output/3_Hamburg - Fehmarnsund solo mit Alster-Gravel_peak_analysis_profile.png, output/3_Hamburg - Fehmarnsund solo mit Alster-Gravel_peak_segment_data.csv, output/3_Hamburg - Fehmarnsund solo mit Alster-Gravel_overall_stats.csv
    log: logs/3_Hamburg - Fehmarnsund solo mit Alster-Gravel_analyze_peaks_plot.log (check log file(s) for error details)
    shell:
        
        python scripts/3_analyze_peaks_plot.py             --input-csv "output/2c_Hamburg - Fehmarnsund solo mit Alster-Gravel_track_data_full_with_elevation.csv"             --output-plot "output/3_Hamburg - Fehmarnsund solo mit Alster-Gravel_peak_analysis_profile.png"             --output-peak-csv "output/3_Hamburg - Fehmarnsund solo mit Alster-Gravel_peak_segment_data.csv"             --output-stats-csv "output/3_Hamburg - Fehmarnsund solo mit Alster-Gravel_overall_stats.csv"             --smooth-window 11             --smooth-poly 2             --gain-threshold 10.0             --eps-height 0.3             --prominence 30.0             --peak-edge-km 0.25             --plot-dpi 250             --plot-x-tick-major 5.0             --plot-x-tick-minor 1.0             --pause-min-duration 120.0             --pause-max-distance 5.0             --places-coords-csv "output/8c_Hamburg - Fehmarnsund solo mit Alster-Gravel_places_relevant_enriched.csv"             > "logs/3_Hamburg - Fehmarnsund solo mit Alster-Gravel_analyze_peaks_plot.log" 2>&1
        
        (command exited with non-zero exit code)
Complete log(s): C:\Users\marku\gpx_workflow_GEMINI\.snakemake\log\2025-05-09T133933.443449.snakemake.log
WorkflowError:
At least one job did not complete successfully.
