Assuming unrestricted shared filesystem usage.
None
host: GALAXYpb360-MWG
Building DAG of jobs...
Provided cores: 1 (use --cores to define parallelism)
Rules claiming more threads will be scaled down.
Job stats:
job                            count
---------------------------  -------
add_elevation_data                 1
all                                1
analyze_peaks_and_plot             1
create_api_optimized_track         1
extract_significant_places         1
fetch_peaks_viewpoints_bbox        1
fetch_pois_service                 1
generate_map                       1
generate_stage_summary             1
geocode_places                     1
merge_and_filter_pois              1
parse_full_gpx                     1
query_gemini_places                1
reverse_geocode                    1
screenshot_map                     1
sort_places_by_route               1
total                             16

Select jobs to execute...
Execute 1 jobs...
[Sun May  4 23:39:14 2025]
localrule parse_full_gpx:
    input: data/Hamburg - Fehmarnsund solo 2.gpx
    output: output/2_Hamburg - Fehmarnsund solo 2_track_data_full.csv
    log: logs/2_Hamburg - Fehmarnsund solo 2_parse_gpx_full.log
    jobid: 4
    reason: Missing output files: output/2_Hamburg - Fehmarnsund solo 2_track_data_full.csv
    wildcards: basename=Hamburg - Fehmarnsund solo 2
    resources: tmpdir=C:\Users\marku\AppData\Local\Temp

Select jobs to execute...
[Sun May  4 23:39:31 2025]
Finished jobid: 4 (Rule: parse_full_gpx)
1 of 16 steps (6%) done
Execute 1 jobs...
[Sun May  4 23:39:31 2025]
localrule create_api_optimized_track:
    input: data/Hamburg - Fehmarnsund solo 2.gpx
    output: output/2b_Hamburg - Fehmarnsund solo 2_track_data_api_optimized.csv
    log: logs/2b_Hamburg - Fehmarnsund solo 2_simplify_track_api.log
    jobid: 8
    reason: Missing output files: output/2b_Hamburg - Fehmarnsund solo 2_track_data_api_optimized.csv
    wildcards: basename=Hamburg - Fehmarnsund solo 2
    resources: tmpdir=C:\Users\marku\AppData\Local\Temp

Select jobs to execute...
[Sun May  4 23:39:40 2025]
Finished jobid: 8 (Rule: create_api_optimized_track)
2 of 16 steps (12%) done
Execute 1 jobs...
[Sun May  4 23:39:40 2025]
localrule fetch_peaks_viewpoints_bbox:
    input: data/Hamburg - Fehmarnsund solo 2.gpx
    output: output/5b_Hamburg - Fehmarnsund solo 2_peaks_viewpoints_bbox.json
    log: logs/5b_Hamburg - Fehmarnsund solo 2_fetch_peaks_viewpoints.log
    jobid: 13
    reason: Missing output files: output/5b_Hamburg - Fehmarnsund solo 2_peaks_viewpoints_bbox.json
    wildcards: basename=Hamburg - Fehmarnsund solo 2
    resources: tmpdir=C:\Users\marku\AppData\Local\Temp

Select jobs to execute...
[Sun May  4 23:40:19 2025]
Finished jobid: 13 (Rule: fetch_peaks_viewpoints_bbox)
3 of 16 steps (19%) done
Execute 1 jobs...
[Sun May  4 23:40:19 2025]
localrule add_elevation_data:
    input: output/2_Hamburg - Fehmarnsund solo 2_track_data_full.csv
    output: output/2c_Hamburg - Fehmarnsund solo 2_track_data_full_with_elevation.csv
    log: logs/2c_Hamburg - Fehmarnsund solo 2_add_elevation.log
    jobid: 3
    reason: Missing output files: output/2c_Hamburg - Fehmarnsund solo 2_track_data_full_with_elevation.csv; Input files updated by another job: output/2_Hamburg - Fehmarnsund solo 2_track_data_full.csv
    wildcards: basename=Hamburg - Fehmarnsund solo 2
    resources: tmpdir=C:\Users\marku\AppData\Local\Temp

Select jobs to execute...
[Sun May  4 23:40:31 2025]
Finished jobid: 3 (Rule: add_elevation_data)
4 of 16 steps (25%) done
Execute 1 jobs...
[Sun May  4 23:40:31 2025]
localrule reverse_geocode:
    input: output/2b_Hamburg - Fehmarnsund solo 2_track_data_api_optimized.csv
    output: output/4_Hamburg - Fehmarnsund solo 2_track_data_with_location_optimized.csv
    log: logs/4_Hamburg - Fehmarnsund solo 2_reverse_geocode_optimized.log
    jobid: 7
    reason: Missing output files: output/4_Hamburg - Fehmarnsund solo 2_track_data_with_location_optimized.csv; Input files updated by another job: output/2b_Hamburg - Fehmarnsund solo 2_track_data_api_optimized.csv
    wildcards: basename=Hamburg - Fehmarnsund solo 2
    resources: tmpdir=C:\Users\marku\AppData\Local\Temp

[Sun May  4 23:44:30 2025]
Finished jobid: 7 (Rule: reverse_geocode)
5 of 16 steps (31%) done
Select jobs to execute...
Execute 1 jobs...
[Sun May  4 23:44:30 2025]
localrule extract_significant_places:
    input: output/4_Hamburg - Fehmarnsund solo 2_track_data_with_location_optimized.csv
    output: output/7_Hamburg - Fehmarnsund solo 2_places_summary_optimized.csv
    log: logs/7_Hamburg - Fehmarnsund solo 2_extract_places_optimized.log
    jobid: 9
    reason: Missing output files: output/7_Hamburg - Fehmarnsund solo 2_places_summary_optimized.csv; Input files updated by another job: output/4_Hamburg - Fehmarnsund solo 2_track_data_with_location_optimized.csv
    wildcards: basename=Hamburg - Fehmarnsund solo 2
    resources: tmpdir=C:\Users\marku\AppData\Local\Temp

Select jobs to execute...
[Sun May  4 23:44:34 2025]
Finished jobid: 9 (Rule: extract_significant_places)
6 of 16 steps (38%) done
Execute 1 jobs...
[Sun May  4 23:44:34 2025]
localrule sort_places_by_route:
    input: output/4_Hamburg - Fehmarnsund solo 2_track_data_with_location_optimized.csv, output/7_Hamburg - Fehmarnsund solo 2_places_summary_optimized.csv
    output: output/8_Hamburg - Fehmarnsund solo 2_places_sorted_optimized.csv
    log: logs/8_Hamburg - Fehmarnsund solo 2_sort_places_optimized.log
    jobid: 6
    reason: Missing output files: output/8_Hamburg - Fehmarnsund solo 2_places_sorted_optimized.csv; Input files updated by another job: output/4_Hamburg - Fehmarnsund solo 2_track_data_with_location_optimized.csv, output/7_Hamburg - Fehmarnsund solo 2_places_summary_optimized.csv
    wildcards: basename=Hamburg - Fehmarnsund solo 2
    resources: tmpdir=C:\Users\marku\AppData\Local\Temp

Select jobs to execute...
[Sun May  4 23:44:38 2025]
Finished jobid: 6 (Rule: sort_places_by_route)
7 of 16 steps (44%) done
Execute 1 jobs...
[Sun May  4 23:44:38 2025]
localrule fetch_pois_service:
    input: output/4_Hamburg - Fehmarnsund solo 2_track_data_with_location_optimized.csv
    output: output/5a_Hamburg - Fehmarnsund solo 2_pois_service_raw.csv
    log: logs/5a_Hamburg - Fehmarnsund solo 2_fetch_pois_service.log
    jobid: 12
    reason: Missing output files: output/5a_Hamburg - Fehmarnsund solo 2_pois_service_raw.csv; Input files updated by another job: output/4_Hamburg - Fehmarnsund solo 2_track_data_with_location_optimized.csv
    wildcards: basename=Hamburg - Fehmarnsund solo 2
    resources: tmpdir=C:\Users\marku\AppData\Local\Temp

Select jobs to execute...
[Sun May  4 23:49:27 2025]
Finished jobid: 12 (Rule: fetch_pois_service)
8 of 16 steps (50%) done
Execute 1 jobs...
[Sun May  4 23:49:27 2025]
localrule merge_and_filter_pois:
    input: output/5a_Hamburg - Fehmarnsund solo 2_pois_service_raw.csv, output/5b_Hamburg - Fehmarnsund solo 2_peaks_viewpoints_bbox.json, output/2c_Hamburg - Fehmarnsund solo 2_track_data_full_with_elevation.csv
    output: output/5c_Hamburg - Fehmarnsund solo 2_pois_relevant.csv
    log: logs/5c_Hamburg - Fehmarnsund solo 2_merge_filter_pois.log
    jobid: 11
    reason: Missing output files: output/5c_Hamburg - Fehmarnsund solo 2_pois_relevant.csv; Input files updated by another job: output/5a_Hamburg - Fehmarnsund solo 2_pois_service_raw.csv, output/2c_Hamburg - Fehmarnsund solo 2_track_data_full_with_elevation.csv, output/5b_Hamburg - Fehmarnsund solo 2_peaks_viewpoints_bbox.json; Params have changed since last execution: Union of exclusive params before and now across all output: before: 0.5 now: 0.3 
    wildcards: basename=Hamburg - Fehmarnsund solo 2
    resources: tmpdir=C:\Users\marku\AppData\Local\Temp

Select jobs to execute...
[Sun May  4 23:50:17 2025]
Finished jobid: 11 (Rule: merge_and_filter_pois)
9 of 16 steps (56%) done
Execute 1 jobs...
[Sun May  4 23:50:17 2025]
localrule generate_map:
    input: output/2_Hamburg - Fehmarnsund solo 2_track_data_full.csv, output/5c_Hamburg - Fehmarnsund solo 2_pois_relevant.csv
    output: output/6_Hamburg - Fehmarnsund solo 2_map_full.html
    log: logs/6_Hamburg - Fehmarnsund solo 2_generate_map_full.log
    jobid: 10
    reason: Missing output files: output/6_Hamburg - Fehmarnsund solo 2_map_full.html; Input files updated by another job: output/2_Hamburg - Fehmarnsund solo 2_track_data_full.csv, output/5c_Hamburg - Fehmarnsund solo 2_pois_relevant.csv
    wildcards: basename=Hamburg - Fehmarnsund solo 2
    resources: tmpdir=C:\Users\marku\AppData\Local\Temp

Select jobs to execute...
[Sun May  4 23:50:25 2025]
Finished jobid: 10 (Rule: generate_map)
10 of 16 steps (62%) done
Execute 1 jobs...
[Sun May  4 23:50:26 2025]
localrule screenshot_map:
    input: output/6_Hamburg - Fehmarnsund solo 2_map_full.html
    output: output/6_Hamburg - Fehmarnsund solo 2_map_full.png
    log: logs/10_Hamburg - Fehmarnsund solo 2_map_screenshot_full.log
    jobid: 14
    reason: Missing output files: output/6_Hamburg - Fehmarnsund solo 2_map_full.png; Input files updated by another job: output/6_Hamburg - Fehmarnsund solo 2_map_full.html
    wildcards: basename=Hamburg - Fehmarnsund solo 2
    resources: tmpdir=C:\Users\marku\AppData\Local\Temp

Select jobs to execute...
[Sun May  4 23:50:48 2025]
Finished jobid: 14 (Rule: screenshot_map)
11 of 16 steps (69%) done
Execute 1 jobs...
[Sun May  4 23:50:48 2025]
localrule geocode_places:
    input: output/8_Hamburg - Fehmarnsund solo 2_places_sorted_optimized.csv
    output: output/8b_Hamburg - Fehmarnsund solo 2_places_with_coords.csv
    log: logs/8b_Hamburg - Fehmarnsund solo 2_geocode_places.log
    jobid: 5
    reason: Missing output files: output/8b_Hamburg - Fehmarnsund solo 2_places_with_coords.csv; Input files updated by another job: output/8_Hamburg - Fehmarnsund solo 2_places_sorted_optimized.csv
    wildcards: basename=Hamburg - Fehmarnsund solo 2
    resources: tmpdir=C:\Users\marku\AppData\Local\Temp

Select jobs to execute...
[Sun May  4 23:51:35 2025]
Finished jobid: 5 (Rule: geocode_places)
12 of 16 steps (75%) done
Execute 1 jobs...
[Sun May  4 23:51:35 2025]
localrule analyze_peaks_and_plot:
    input: output/2c_Hamburg - Fehmarnsund solo 2_track_data_full_with_elevation.csv, output/8b_Hamburg - Fehmarnsund solo 2_places_with_coords.csv
    output: output/3_Hamburg - Fehmarnsund solo 2_peak_analysis_profile.png, output/3_Hamburg - Fehmarnsund solo 2_peak_segment_data.csv, output/3_Hamburg - Fehmarnsund solo 2_overall_stats.csv
    log: logs/3_Hamburg - Fehmarnsund solo 2_analyze_peaks_plot.log
    jobid: 2
    reason: Missing output files: output/3_Hamburg - Fehmarnsund solo 2_peak_analysis_profile.png, output/3_Hamburg - Fehmarnsund solo 2_peak_segment_data.csv, output/3_Hamburg - Fehmarnsund solo 2_overall_stats.csv; Input files updated by another job: output/8b_Hamburg - Fehmarnsund solo 2_places_with_coords.csv, output/2c_Hamburg - Fehmarnsund solo 2_track_data_full_with_elevation.csv; Params have changed since last execution: Union of exclusive params before and now across all output: before: 150,40.0 now: 250,30.0 
    wildcards: basename=Hamburg - Fehmarnsund solo 2
    resources: tmpdir=C:\Users\marku\AppData\Local\Temp

Select jobs to execute...
[Sun May  4 23:52:08 2025]
Finished jobid: 2 (Rule: analyze_peaks_and_plot)
13 of 16 steps (81%) done
Execute 1 jobs...
[Sun May  4 23:52:08 2025]
localrule query_gemini_places:
    input: output/8_Hamburg - Fehmarnsund solo 2_places_sorted_optimized.csv
    output: output/9_Hamburg - Fehmarnsund solo 2_day_preview_places.md
    log: logs/9_Hamburg - Fehmarnsund solo 2_query_gemini_places.log
    jobid: 15
    reason: Missing output files: output/9_Hamburg - Fehmarnsund solo 2_day_preview_places.md; Input files updated by another job: output/8_Hamburg - Fehmarnsund solo 2_places_sorted_optimized.csv
    wildcards: basename=Hamburg - Fehmarnsund solo 2
    resources: tmpdir=C:\Users\marku\AppData\Local\Temp

[Sun May  4 23:55:17 2025]
Finished jobid: 15 (Rule: query_gemini_places)
14 of 16 steps (88%) done
Select jobs to execute...
Execute 1 jobs...
[Sun May  4 23:55:17 2025]
localrule generate_stage_summary:
    input: output/3_Hamburg - Fehmarnsund solo 2_overall_stats.csv, output/3_Hamburg - Fehmarnsund solo 2_peak_analysis_profile.png, output/3_Hamburg - Fehmarnsund solo 2_peak_segment_data.csv, output/6_Hamburg - Fehmarnsund solo 2_map_full.html, output/6_Hamburg - Fehmarnsund solo 2_map_full.png, output/9_Hamburg - Fehmarnsund solo 2_day_preview_places.md, output/8_Hamburg - Fehmarnsund solo 2_places_sorted_optimized.csv
    output: output/11_Hamburg - Fehmarnsund solo 2_stage_summary_final.html, output/11_Hamburg - Fehmarnsund solo 2_stage_summary_final.pdf
    log: logs/11_Hamburg - Fehmarnsund solo 2_generate_stage_summary_final.log
    jobid: 1
    reason: Missing output files: output/11_Hamburg - Fehmarnsund solo 2_stage_summary_final.html, output/11_Hamburg - Fehmarnsund solo 2_stage_summary_final.pdf; Input files updated by another job: output/3_Hamburg - Fehmarnsund solo 2_peak_segment_data.csv, output/6_Hamburg - Fehmarnsund solo 2_map_full.html, output/8_Hamburg - Fehmarnsund solo 2_places_sorted_optimized.csv, output/6_Hamburg - Fehmarnsund solo 2_map_full.png, output/3_Hamburg - Fehmarnsund solo 2_peak_analysis_profile.png, output/3_Hamburg - Fehmarnsund solo 2_overall_stats.csv, output/9_Hamburg - Fehmarnsund solo 2_day_preview_places.md
    wildcards: basename=Hamburg - Fehmarnsund solo 2
    resources: tmpdir=C:\Users\marku\AppData\Local\Temp

[Sun May  4 23:55:44 2025]
Finished jobid: 1 (Rule: generate_stage_summary)
15 of 16 steps (94%) done
Select jobs to execute...
Execute 1 jobs...
[Sun May  4 23:55:44 2025]
localrule all:
    input: output/11_Hamburg - Fehmarnsund solo 2_stage_summary_final.html, output/11_Hamburg - Fehmarnsund solo 2_stage_summary_final.pdf
    jobid: 0
    reason: Input files updated by another job: output/11_Hamburg - Fehmarnsund solo 2_stage_summary_final.html, output/11_Hamburg - Fehmarnsund solo 2_stage_summary_final.pdf
    resources: tmpdir=C:\Users\marku\AppData\Local\Temp

[Sun May  4 23:55:44 2025]
Finished jobid: 0 (Rule: all)
16 of 16 steps (100%) done
Complete log(s): C:\Users\marku\gpx_workflow_GEMINI\.snakemake\log\2025-05-04T233912.219244.snakemake.log
