Assuming unrestricted shared filesystem usage.
None
host: GALAXYpb360-MWG
Building DAG of jobs...
Provided cores: 1 (use --cores to define parallelism)
Rules claiming more threads will be scaled down.
Job stats:
job                       count
----------------------  -------
all                           1
analyze_peaks_and_plot        1
generate_stage_summary        1
geocode_places                1
query_gemini_places           1
total                         5

Select jobs to execute...
Execute 1 jobs...
[Mon May  5 00:14:36 2025]
localrule geocode_places:
    input: output/8_Hamburg - Fehmarnsund solo 2_places_sorted_optimized.csv
    output: output/8b_Hamburg - Fehmarnsund solo 2_places_with_coords.csv
    log: logs/8b_Hamburg - Fehmarnsund solo 2_geocode_places.log
    jobid: 5
    reason: Updated input files: output/8_Hamburg - Fehmarnsund solo 2_places_sorted_optimized.csv
    wildcards: basename=Hamburg - Fehmarnsund solo 2
    resources: tmpdir=C:\Users\marku\AppData\Local\Temp

Select jobs to execute...
[Mon May  5 00:14:49 2025]
Finished jobid: 5 (Rule: geocode_places)
1 of 5 steps (20%) done
Execute 1 jobs...
[Mon May  5 00:14:49 2025]
localrule analyze_peaks_and_plot:
    input: output/2c_Hamburg - Fehmarnsund solo 2_track_data_full_with_elevation.csv, output/8b_Hamburg - Fehmarnsund solo 2_places_with_coords.csv
    output: output/3_Hamburg - Fehmarnsund solo 2_peak_analysis_profile.png, output/3_Hamburg - Fehmarnsund solo 2_peak_segment_data.csv, output/3_Hamburg - Fehmarnsund solo 2_overall_stats.csv
    log: logs/3_Hamburg - Fehmarnsund solo 2_analyze_peaks_plot.log
    jobid: 2
    reason: Input files updated by another job: output/8b_Hamburg - Fehmarnsund solo 2_places_with_coords.csv
    wildcards: basename=Hamburg - Fehmarnsund solo 2
    resources: tmpdir=C:\Users\marku\AppData\Local\Temp

Select jobs to execute...
[Mon May  5 00:15:19 2025]
Finished jobid: 2 (Rule: analyze_peaks_and_plot)
2 of 5 steps (40%) done
Execute 1 jobs...
[Mon May  5 00:15:19 2025]
localrule query_gemini_places:
    input: output/8_Hamburg - Fehmarnsund solo 2_places_sorted_optimized.csv
    output: output/9_Hamburg - Fehmarnsund solo 2_day_preview_places.md
    log: logs/9_Hamburg - Fehmarnsund solo 2_query_gemini_places.log
    jobid: 15
    reason: Missing output files: output/9_Hamburg - Fehmarnsund solo 2_day_preview_places.md
    wildcards: basename=Hamburg - Fehmarnsund solo 2
    resources: tmpdir=C:\Users\marku\AppData\Local\Temp

[Mon May  5 00:16:04 2025]
Finished jobid: 15 (Rule: query_gemini_places)
3 of 5 steps (60%) done
Select jobs to execute...
Execute 1 jobs...
[Mon May  5 00:16:04 2025]
localrule generate_stage_summary:
    input: output/3_Hamburg - Fehmarnsund solo 2_overall_stats.csv, output/3_Hamburg - Fehmarnsund solo 2_peak_analysis_profile.png, output/3_Hamburg - Fehmarnsund solo 2_peak_segment_data.csv, output/6_Hamburg - Fehmarnsund solo 2_map_full.html, output/6_Hamburg - Fehmarnsund solo 2_map_full.png, output/9_Hamburg - Fehmarnsund solo 2_day_preview_places.md, output/8_Hamburg - Fehmarnsund solo 2_places_sorted_optimized.csv
    output: output/11_Hamburg - Fehmarnsund solo 2_stage_summary_final.html, output/11_Hamburg - Fehmarnsund solo 2_stage_summary_final.pdf
    log: logs/11_Hamburg - Fehmarnsund solo 2_generate_stage_summary_final.log
    jobid: 1
    reason: Missing output files: output/11_Hamburg - Fehmarnsund solo 2_stage_summary_final.pdf, output/11_Hamburg - Fehmarnsund solo 2_stage_summary_final.html; Input files updated by another job: output/3_Hamburg - Fehmarnsund solo 2_peak_segment_data.csv, output/3_Hamburg - Fehmarnsund solo 2_overall_stats.csv, output/3_Hamburg - Fehmarnsund solo 2_peak_analysis_profile.png, output/9_Hamburg - Fehmarnsund solo 2_day_preview_places.md
    wildcards: basename=Hamburg - Fehmarnsund solo 2
    resources: tmpdir=C:\Users\marku\AppData\Local\Temp

[Mon May  5 00:16:19 2025]
Finished jobid: 1 (Rule: generate_stage_summary)
4 of 5 steps (80%) done
Select jobs to execute...
Execute 1 jobs...
[Mon May  5 00:16:19 2025]
localrule all:
    input: output/11_Hamburg - Fehmarnsund solo 2_stage_summary_final.html, output/11_Hamburg - Fehmarnsund solo 2_stage_summary_final.pdf
    jobid: 0
    reason: Input files updated by another job: output/11_Hamburg - Fehmarnsund solo 2_stage_summary_final.pdf, output/11_Hamburg - Fehmarnsund solo 2_stage_summary_final.html
    resources: tmpdir=C:\Users\marku\AppData\Local\Temp

[Mon May  5 00:16:19 2025]
Finished jobid: 0 (Rule: all)
5 of 5 steps (100%) done
Complete log(s): C:\Users\marku\gpx_workflow_GEMINI\.snakemake\log\2025-05-05T001433.338463.snakemake.log
