Assuming unrestricted shared filesystem usage.
None
host: GALAXYpb360-MWG
Building DAG of jobs...
Provided cores: 1 (use --cores to define parallelism)
Rules claiming more threads will be scaled down.
Job stats:
job                       count
----------------------  -------
all                           1
analyze_peaks_and_plot        3
generate_stage_summary        3
total                         7

Select jobs to execute...
Execute 1 jobs...
[Sun May  4 12:19:54 2025]
localrule analyze_peaks_and_plot:
    input: output/2_TT25_D6_3_Siena_track_data_full.csv, output/8b_TT25_D6_3_Siena_places_with_coords.csv
    output: output/3_TT25_D6_3_Siena_peak_analysis_profile.png, output/3_TT25_D6_3_Siena_peak_segment_data.csv, output/3_TT25_D6_3_Siena_overall_stats.csv
    log: logs/3_TT25_D6_3_Siena_analyze_peaks_plot.log
    jobid: 30
    reason: Missing output files: output/3_TT25_D6_3_Siena_peak_analysis_profile.png; Code has changed since last execution; Params have changed since last execution: Union of exclusive params before and now across all output: before: <nothing exclusive> now: 0.3 
    wildcards: basename=TT25_D6_3_Siena
    resources: tmpdir=C:\Users\marku\AppData\Local\Temp

Select jobs to execute...
[Sun May  4 12:20:21 2025]
Finished jobid: 30 (Rule: analyze_peaks_and_plot)
1 of 7 steps (14%) done
Execute 1 jobs...
[Sun May  4 12:20:22 2025]
localrule generate_stage_summary:
    input: output/3_TT25_D6_3_Siena_overall_stats.csv, output/3_TT25_D6_3_Siena_peak_analysis_profile.png, output/3_TT25_D6_3_Siena_peak_segment_data.csv, output/6_TT25_D6_3_Siena_map_full.html, output/6_TT25_D6_3_Siena_map_full.png, output/9_TT25_D6_3_Siena_day_preview_places.md, output/8_TT25_D6_3_Siena_places_sorted_optimized.csv
    output: output/11_TT25_D6_3_Siena_stage_summary_final.html, output/11_TT25_D6_3_Siena_stage_summary_final.pdf
    log: logs/11_TT25_D6_3_Siena_generate_stage_summary_final.log
    jobid: 29
    reason: Input files updated by another job: output/3_TT25_D6_3_Siena_overall_stats.csv, output/3_TT25_D6_3_Siena_peak_segment_data.csv, output/3_TT25_D6_3_Siena_peak_analysis_profile.png
    wildcards: basename=TT25_D6_3_Siena
    resources: tmpdir=C:\Users\marku\AppData\Local\Temp

Select jobs to execute...
[Sun May  4 12:20:37 2025]
Finished jobid: 29 (Rule: generate_stage_summary)
2 of 7 steps (29%) done
Execute 1 jobs...
[Sun May  4 12:20:37 2025]
localrule analyze_peaks_and_plot:
    input: output/2_TT25_D6_4_SanGimignano_track_data_full.csv, output/8b_TT25_D6_4_SanGimignano_places_with_coords.csv
    output: output/3_TT25_D6_4_SanGimignano_peak_analysis_profile.png, output/3_TT25_D6_4_SanGimignano_peak_segment_data.csv, output/3_TT25_D6_4_SanGimignano_overall_stats.csv
    log: logs/3_TT25_D6_4_SanGimignano_analyze_peaks_plot.log
    jobid: 44
    reason: Missing output files: output/3_TT25_D6_4_SanGimignano_peak_analysis_profile.png; Code has changed since last execution; Params have changed since last execution: Union of exclusive params before and now across all output: before: <nothing exclusive> now: 0.3 
    wildcards: basename=TT25_D6_4_SanGimignano
    resources: tmpdir=C:\Users\marku\AppData\Local\Temp

Select jobs to execute...
[Sun May  4 12:21:16 2025]
Finished jobid: 44 (Rule: analyze_peaks_and_plot)
3 of 7 steps (43%) done
Execute 1 jobs...
[Sun May  4 12:21:16 2025]
localrule generate_stage_summary:
    input: output/3_TT25_D6_4_SanGimignano_overall_stats.csv, output/3_TT25_D6_4_SanGimignano_peak_analysis_profile.png, output/3_TT25_D6_4_SanGimignano_peak_segment_data.csv, output/6_TT25_D6_4_SanGimignano_map_full.html, output/6_TT25_D6_4_SanGimignano_map_full.png, output/9_TT25_D6_4_SanGimignano_day_preview_places.md, output/8_TT25_D6_4_SanGimignano_places_sorted_optimized.csv
    output: output/11_TT25_D6_4_SanGimignano_stage_summary_final.html, output/11_TT25_D6_4_SanGimignano_stage_summary_final.pdf
    log: logs/11_TT25_D6_4_SanGimignano_generate_stage_summary_final.log
    jobid: 43
    reason: Input files updated by another job: output/3_TT25_D6_4_SanGimignano_overall_stats.csv, output/3_TT25_D6_4_SanGimignano_peak_segment_data.csv, output/3_TT25_D6_4_SanGimignano_peak_analysis_profile.png
    wildcards: basename=TT25_D6_4_SanGimignano
    resources: tmpdir=C:\Users\marku\AppData\Local\Temp

Select jobs to execute...
[Sun May  4 12:21:34 2025]
Finished jobid: 43 (Rule: generate_stage_summary)
4 of 7 steps (57%) done
Execute 1 jobs...
[Sun May  4 12:21:34 2025]
localrule analyze_peaks_and_plot:
    input: output/2_TT25_D6_5_Montecatini_track_data_full.csv, output/8b_TT25_D6_5_Montecatini_places_with_coords.csv
    output: output/3_TT25_D6_5_Montecatini_peak_analysis_profile.png, output/3_TT25_D6_5_Montecatini_peak_segment_data.csv, output/3_TT25_D6_5_Montecatini_overall_stats.csv
    log: logs/3_TT25_D6_5_Montecatini_analyze_peaks_plot.log
    jobid: 58
    reason: Missing output files: output/3_TT25_D6_5_Montecatini_peak_analysis_profile.png; Code has changed since last execution; Params have changed since last execution: Union of exclusive params before and now across all output: before: <nothing exclusive> now: 0.3 
    wildcards: basename=TT25_D6_5_Montecatini
    resources: tmpdir=C:\Users\marku\AppData\Local\Temp

[Sun May  4 12:21:59 2025]
Finished jobid: 58 (Rule: analyze_peaks_and_plot)
5 of 7 steps (71%) done
Select jobs to execute...
Execute 1 jobs...
[Sun May  4 12:21:59 2025]
localrule generate_stage_summary:
    input: output/3_TT25_D6_5_Montecatini_overall_stats.csv, output/3_TT25_D6_5_Montecatini_peak_analysis_profile.png, output/3_TT25_D6_5_Montecatini_peak_segment_data.csv, output/6_TT25_D6_5_Montecatini_map_full.html, output/6_TT25_D6_5_Montecatini_map_full.png, output/9_TT25_D6_5_Montecatini_day_preview_places.md, output/8_TT25_D6_5_Montecatini_places_sorted_optimized.csv
    output: output/11_TT25_D6_5_Montecatini_stage_summary_final.html, output/11_TT25_D6_5_Montecatini_stage_summary_final.pdf
    log: logs/11_TT25_D6_5_Montecatini_generate_stage_summary_final.log
    jobid: 57
    reason: Input files updated by another job: output/3_TT25_D6_5_Montecatini_peak_analysis_profile.png, output/3_TT25_D6_5_Montecatini_overall_stats.csv, output/3_TT25_D6_5_Montecatini_peak_segment_data.csv
    wildcards: basename=TT25_D6_5_Montecatini
    resources: tmpdir=C:\Users\marku\AppData\Local\Temp

[Sun May  4 12:22:11 2025]
Finished jobid: 57 (Rule: generate_stage_summary)
6 of 7 steps (86%) done
Select jobs to execute...
Execute 1 jobs...
[Sun May  4 12:22:11 2025]
localrule all:
    input: output/11_TT25_D6_1_Buriano_stage_summary_final.html, output/11_TT25_D6_2_Pienza_stage_summary_final.html, output/11_TT25_D6_3_Siena_stage_summary_final.html, output/11_TT25_D6_4_SanGimignano_stage_summary_final.html, output/11_TT25_D6_5_Montecatini_stage_summary_final.html, output/11_TT25_D6_6_Campiglia_Marittima_stage_summary_final.html, output/11_TT25_D6_1_Buriano_stage_summary_final.pdf, output/11_TT25_D6_2_Pienza_stage_summary_final.pdf, output/11_TT25_D6_3_Siena_stage_summary_final.pdf, output/11_TT25_D6_4_SanGimignano_stage_summary_final.pdf, output/11_TT25_D6_5_Montecatini_stage_summary_final.pdf, output/11_TT25_D6_6_Campiglia_Marittima_stage_summary_final.pdf
    jobid: 0
    reason: Input files updated by another job: output/11_TT25_D6_3_Siena_stage_summary_final.html, output/11_TT25_D6_3_Siena_stage_summary_final.pdf, output/11_TT25_D6_5_Montecatini_stage_summary_final.pdf, output/11_TT25_D6_5_Montecatini_stage_summary_final.html, output/11_TT25_D6_4_SanGimignano_stage_summary_final.html, output/11_TT25_D6_4_SanGimignano_stage_summary_final.pdf
    resources: tmpdir=C:\Users\marku\AppData\Local\Temp

[Sun May  4 12:22:11 2025]
Finished jobid: 0 (Rule: all)
7 of 7 steps (100%) done
Complete log(s): C:\Users\marku\gpx_workflow_GEMINI\.snakemake\log\2025-05-04T121951.886265.snakemake.log
