Assuming unrestricted shared filesystem usage.
None
host: GALAXYpb360-MWG
Building DAG of jobs...
Provided cores: 1 (use --cores to define parallelism)
Rules claiming more threads will be scaled down.
Job stats:
job                       count
----------------------  -------
all                           1
analyze_peaks_and_plot        1
generate_stage_summary        1
query_gemini_places           1
total                         4

Select jobs to execute...
Execute 1 jobs...
[Fri May  9 15:42:16 2025]
localrule analyze_peaks_and_plot:
    input: output/2c_Hamburg - Fehmarnsund solo mit Alster-Gravel_track_data_full_with_elevation.csv, output/8c_Hamburg - Fehmarnsund solo mit Alster-Gravel_places_relevant_enriched.csv
    output: output/3_Hamburg - Fehmarnsund solo mit Alster-Gravel_peak_analysis_profile.png, output/3_Hamburg - Fehmarnsund solo mit Alster-Gravel_peak_segment_data.csv, output/3_Hamburg - Fehmarnsund solo mit Alster-Gravel_overall_stats.csv
    log: logs/3_Hamburg - Fehmarnsund solo mit Alster-Gravel_analyze_peaks_plot.log
    jobid: 2
    reason: Missing output files: output/3_Hamburg - Fehmarnsund solo mit Alster-Gravel_peak_segment_data.csv, output/3_Hamburg - Fehmarnsund solo mit Alster-Gravel_overall_stats.csv, output/3_Hamburg - Fehmarnsund solo mit Alster-Gravel_peak_analysis_profile.png
    wildcards: basename=Hamburg - Fehmarnsund solo mit Alster-Gravel
    resources: tmpdir=C:\Users\marku\AppData\Local\Temp

Select jobs to execute...
[Fri May  9 15:42:26 2025]
Finished jobid: 2 (Rule: analyze_peaks_and_plot)
1 of 4 steps (25%) done
Execute 1 jobs...
[Fri May  9 15:42:26 2025]
localrule query_gemini_places:
    input: output/8c_Hamburg - Fehmarnsund solo mit Alster-Gravel_places_relevant_enriched.csv
    output: output/9_Hamburg - Fehmarnsund solo mit Alster-Gravel_day_preview_places.md
    log: logs/9_Hamburg - Fehmarnsund solo mit Alster-Gravel_query_gemini_places.log
    jobid: 16
    reason: Missing output files: output/9_Hamburg - Fehmarnsund solo mit Alster-Gravel_day_preview_places.md
    wildcards: basename=Hamburg - Fehmarnsund solo mit Alster-Gravel
    resources: tmpdir=C:\Users\marku\AppData\Local\Temp

[Fri May  9 15:44:10 2025]
Finished jobid: 16 (Rule: query_gemini_places)
2 of 4 steps (50%) done
Select jobs to execute...
Execute 1 jobs...
[Fri May  9 15:44:10 2025]
localrule generate_stage_summary:
    input: output/3_Hamburg - Fehmarnsund solo mit Alster-Gravel_overall_stats.csv, output/3_Hamburg - Fehmarnsund solo mit Alster-Gravel_peak_analysis_profile.png, output/3_Hamburg - Fehmarnsund solo mit Alster-Gravel_peak_segment_data.csv, output/6_Hamburg - Fehmarnsund solo mit Alster-Gravel_map_full.html, output/6_Hamburg - Fehmarnsund solo mit Alster-Gravel_map_full.png, output/9_Hamburg - Fehmarnsund solo mit Alster-Gravel_day_preview_places.md, output/8c_Hamburg - Fehmarnsund solo mit Alster-Gravel_places_relevant_enriched.csv
    output: output/11_Hamburg - Fehmarnsund solo mit Alster-Gravel_stage_summary_final.html, output/11_Hamburg - Fehmarnsund solo mit Alster-Gravel_stage_summary_final.pdf
    log: logs/11_Hamburg - Fehmarnsund solo mit Alster-Gravel_generate_stage_summary_final.log
    jobid: 1
    reason: Missing output files: output/11_Hamburg - Fehmarnsund solo mit Alster-Gravel_stage_summary_final.pdf, output/11_Hamburg - Fehmarnsund solo mit Alster-Gravel_stage_summary_final.html; Input files updated by another job: output/9_Hamburg - Fehmarnsund solo mit Alster-Gravel_day_preview_places.md, output/3_Hamburg - Fehmarnsund solo mit Alster-Gravel_peak_analysis_profile.png, output/3_Hamburg - Fehmarnsund solo mit Alster-Gravel_peak_segment_data.csv, output/3_Hamburg - Fehmarnsund solo mit Alster-Gravel_overall_stats.csv
    wildcards: basename=Hamburg - Fehmarnsund solo mit Alster-Gravel
    resources: tmpdir=C:\Users\marku\AppData\Local\Temp

[Fri May  9 15:44:14 2025]
Finished jobid: 1 (Rule: generate_stage_summary)
3 of 4 steps (75%) done
Select jobs to execute...
Execute 1 jobs...
[Fri May  9 15:44:14 2025]
localrule all:
    input: output/11_Hamburg - Fehmarnsund solo mit Alster-Gravel_stage_summary_final.html, output/11_Hamburg - Fehmarnsund solo mit Alster-Gravel_stage_summary_final.pdf
    jobid: 0
    reason: Input files updated by another job: output/11_Hamburg - Fehmarnsund solo mit Alster-Gravel_stage_summary_final.pdf, output/11_Hamburg - Fehmarnsund solo mit Alster-Gravel_stage_summary_final.html
    resources: tmpdir=C:\Users\marku\AppData\Local\Temp

[Fri May  9 15:44:14 2025]
Finished jobid: 0 (Rule: all)
4 of 4 steps (100%) done
Complete log(s): C:\Users\marku\gpx_workflow_GEMINI\.snakemake\log\2025-05-09T154216.103649.snakemake.log
