Assuming unrestricted shared filesystem usage.
None
host: GALAXYpb360-MWG
Building DAG of jobs...
Provided cores: 1 (use --cores to define parallelism)
Rules claiming more threads will be scaled down.
Job stats:
job                           count
--------------------------  -------
add_elevation_data                1
all                               1
analyze_peaks_and_plot            1
extract_significant_places        1
fetch_pois_service                1
generate_map                      1
generate_stage_summary            1
geocode_places                    1
merge_and_filter_pois             1
query_gemini_places               1
reverse_geocode                   1
screenshot_map                    1
sort_places_by_route              1
total                            13

Select jobs to execute...
Execute 1 jobs...
[Sun May  4 14:14:30 2025]
localrule add_elevation_data:
    input: output/2_Hamburg - Fehmarnsund solo 2_track_data_full.csv
    output: output/2c_Hamburg - Fehmarnsund solo 2_track_data_full_with_elevation.csv
    log: logs/2c_Hamburg - Fehmarnsund solo 2_add_elevation.log
    jobid: 3
    reason: Missing output files: output/2c_Hamburg - Fehmarnsund solo 2_track_data_full_with_elevation.csv
    wildcards: basename=Hamburg - Fehmarnsund solo 2
    resources: tmpdir=C:\Users\marku\AppData\Local\Temp

Select jobs to execute...
[Sun May  4 14:14:35 2025]
Finished jobid: 3 (Rule: add_elevation_data)
1 of 13 steps (8%) done
Execute 1 jobs...
[Sun May  4 14:14:35 2025]
localrule reverse_geocode:
    input: output/2b_Hamburg - Fehmarnsund solo 2_track_data_api_optimized.csv
    output: output/4_Hamburg - Fehmarnsund solo 2_track_data_with_location_optimized.csv
    log: logs/4_Hamburg - Fehmarnsund solo 2_reverse_geocode_optimized.log
    jobid: 7
    reason: Missing output files: output/4_Hamburg - Fehmarnsund solo 2_track_data_with_location_optimized.csv
    wildcards: basename=Hamburg - Fehmarnsund solo 2
    resources: tmpdir=C:\Users\marku\AppData\Local\Temp

[Sun May  4 14:18:24 2025]
Finished jobid: 7 (Rule: reverse_geocode)
2 of 13 steps (15%) done
Select jobs to execute...
Execute 1 jobs...
[Sun May  4 14:18:24 2025]
localrule extract_significant_places:
    input: output/4_Hamburg - Fehmarnsund solo 2_track_data_with_location_optimized.csv
    output: output/7_Hamburg - Fehmarnsund solo 2_places_summary_optimized.csv
    log: logs/7_Hamburg - Fehmarnsund solo 2_extract_places_optimized.log
    jobid: 9
    reason: Missing output files: output/7_Hamburg - Fehmarnsund solo 2_places_summary_optimized.csv; Input files updated by another job: output/4_Hamburg - Fehmarnsund solo 2_track_data_with_location_optimized.csv
    wildcards: basename=Hamburg - Fehmarnsund solo 2
    resources: tmpdir=C:\Users\marku\AppData\Local\Temp

Select jobs to execute...
[Sun May  4 14:18:26 2025]
Finished jobid: 9 (Rule: extract_significant_places)
3 of 13 steps (23%) done
Execute 1 jobs...
[Sun May  4 14:18:26 2025]
localrule sort_places_by_route:
    input: output/4_Hamburg - Fehmarnsund solo 2_track_data_with_location_optimized.csv, output/7_Hamburg - Fehmarnsund solo 2_places_summary_optimized.csv
    output: output/8_Hamburg - Fehmarnsund solo 2_places_sorted_optimized.csv
    log: logs/8_Hamburg - Fehmarnsund solo 2_sort_places_optimized.log
    jobid: 6
    reason: Missing output files: output/8_Hamburg - Fehmarnsund solo 2_places_sorted_optimized.csv; Input files updated by another job: output/7_Hamburg - Fehmarnsund solo 2_places_summary_optimized.csv, output/4_Hamburg - Fehmarnsund solo 2_track_data_with_location_optimized.csv
    wildcards: basename=Hamburg - Fehmarnsund solo 2
    resources: tmpdir=C:\Users\marku\AppData\Local\Temp

Select jobs to execute...
[Sun May  4 14:18:29 2025]
Finished jobid: 6 (Rule: sort_places_by_route)
4 of 13 steps (31%) done
Execute 1 jobs...
[Sun May  4 14:18:29 2025]
localrule fetch_pois_service:
    input: output/4_Hamburg - Fehmarnsund solo 2_track_data_with_location_optimized.csv
    output: output/5a_Hamburg - Fehmarnsund solo 2_pois_service_raw.csv
    log: logs/5a_Hamburg - Fehmarnsund solo 2_fetch_pois_service.log
    jobid: 12
    reason: Missing output files: output/5a_Hamburg - Fehmarnsund solo 2_pois_service_raw.csv; Input files updated by another job: output/4_Hamburg - Fehmarnsund solo 2_track_data_with_location_optimized.csv
    wildcards: basename=Hamburg - Fehmarnsund solo 2
    resources: tmpdir=C:\Users\marku\AppData\Local\Temp

Select jobs to execute...
[Sun May  4 14:23:07 2025]
Finished jobid: 12 (Rule: fetch_pois_service)
5 of 13 steps (38%) done
Execute 1 jobs...
[Sun May  4 14:23:07 2025]
localrule merge_and_filter_pois:
    input: output/5a_Hamburg - Fehmarnsund solo 2_pois_service_raw.csv, output/5b_Hamburg - Fehmarnsund solo 2_peaks_viewpoints_bbox.json, output/2c_Hamburg - Fehmarnsund solo 2_track_data_full_with_elevation.csv
    output: output/5c_Hamburg - Fehmarnsund solo 2_pois_relevant.csv
    log: logs/5c_Hamburg - Fehmarnsund solo 2_merge_filter_pois.log
    jobid: 11
    reason: Missing output files: output/5c_Hamburg - Fehmarnsund solo 2_pois_relevant.csv; Input files updated by another job: output/5a_Hamburg - Fehmarnsund solo 2_pois_service_raw.csv, output/2c_Hamburg - Fehmarnsund solo 2_track_data_full_with_elevation.csv
    wildcards: basename=Hamburg - Fehmarnsund solo 2
    resources: tmpdir=C:\Users\marku\AppData\Local\Temp

Select jobs to execute...
RuleException:
CalledProcessError in file "C:\Users\marku\gpx_workflow_GEMINI\Snakefile", line 273:
Command 'python scripts/5c_merge_filter_pois.py             --service-pois "output/5a_Hamburg - Fehmarnsund solo 2_pois_service_raw.csv"             --peak-pois "output/5b_Hamburg - Fehmarnsund solo 2_peaks_viewpoints_bbox.json"             --full-track "output/2c_Hamburg - Fehmarnsund solo 2_track_data_full_with_elevation.csv"             --output "output/5c_Hamburg - Fehmarnsund solo 2_pois_relevant.csv"             --max-dist-service-km 0.5             --max-dist-viewpoint-km 2.0             > "logs/5c_Hamburg - Fehmarnsund solo 2_merge_filter_pois.log" 2>&1' returned non-zero exit status 1.
[Sun May  4 14:23:36 2025]
Error in rule merge_and_filter_pois:
    message: None
    jobid: 11
    input: output/5a_Hamburg - Fehmarnsund solo 2_pois_service_raw.csv, output/5b_Hamburg - Fehmarnsund solo 2_peaks_viewpoints_bbox.json, output/2c_Hamburg - Fehmarnsund solo 2_track_data_full_with_elevation.csv
    output: output/5c_Hamburg - Fehmarnsund solo 2_pois_relevant.csv
    log: logs/5c_Hamburg - Fehmarnsund solo 2_merge_filter_pois.log (check log file(s) for error details)
    shell:
        
        python scripts/5c_merge_filter_pois.py             --service-pois "output/5a_Hamburg - Fehmarnsund solo 2_pois_service_raw.csv"             --peak-pois "output/5b_Hamburg - Fehmarnsund solo 2_peaks_viewpoints_bbox.json"             --full-track "output/2c_Hamburg - Fehmarnsund solo 2_track_data_full_with_elevation.csv"             --output "output/5c_Hamburg - Fehmarnsund solo 2_pois_relevant.csv"             --max-dist-service-km 0.5             --max-dist-viewpoint-km 2.0             > "logs/5c_Hamburg - Fehmarnsund solo 2_merge_filter_pois.log" 2>&1
        
        (command exited with non-zero exit code)
Shutting down, this might take some time.
Exiting because a job execution failed. Look below for error messages
[Sun May  4 14:23:36 2025]
Error in rule merge_and_filter_pois:
    message: None
    jobid: 11
    input: output/5a_Hamburg - Fehmarnsund solo 2_pois_service_raw.csv, output/5b_Hamburg - Fehmarnsund solo 2_peaks_viewpoints_bbox.json, output/2c_Hamburg - Fehmarnsund solo 2_track_data_full_with_elevation.csv
    output: output/5c_Hamburg - Fehmarnsund solo 2_pois_relevant.csv
    log: logs/5c_Hamburg - Fehmarnsund solo 2_merge_filter_pois.log (check log file(s) for error details)
    shell:
        
        python scripts/5c_merge_filter_pois.py             --service-pois "output/5a_Hamburg - Fehmarnsund solo 2_pois_service_raw.csv"             --peak-pois "output/5b_Hamburg - Fehmarnsund solo 2_peaks_viewpoints_bbox.json"             --full-track "output/2c_Hamburg - Fehmarnsund solo 2_track_data_full_with_elevation.csv"             --output "output/5c_Hamburg - Fehmarnsund solo 2_pois_relevant.csv"             --max-dist-service-km 0.5             --max-dist-viewpoint-km 2.0             > "logs/5c_Hamburg - Fehmarnsund solo 2_merge_filter_pois.log" 2>&1
        
        (command exited with non-zero exit code)
Complete log(s): C:\Users\marku\gpx_workflow_GEMINI\.snakemake\log\2025-05-04T141428.811254.snakemake.log
WorkflowError:
At least one job did not complete successfully.
