Assuming unrestricted shared filesystem usage.
None
host: GALAXYpb360-MWG
Building DAG of jobs...
Provided cores: 1 (use --cores to define parallelism)
Rules claiming more threads will be scaled down.
Job stats:
job                       count
----------------------  -------
all                           1
analyze_peaks_and_plot        1
generate_stage_summary        1
query_gemini_places           1
total                         4

Select jobs to execute...
Execute 1 jobs...
[Fri May  9 15:39:32 2025]
localrule analyze_peaks_and_plot:
    input: output/2c_Hamburg - Fehmarnsund solo mit Alster-Gravel_track_data_full_with_elevation.csv, output/8c_Hamburg - Fehmarnsund solo mit Alster-Gravel_places_relevant_enriched.csv
    output: output/3_Hamburg - Fehmarnsund solo mit Alster-Gravel_peak_analysis_profile.png, output/3_Hamburg - Fehmarnsund solo mit Alster-Gravel_peak_segment_data.csv, output/3_Hamburg - Fehmarnsund solo mit Alster-Gravel_overall_stats.csv
    log: logs/3_Hamburg - Fehmarnsund solo mit Alster-Gravel_analyze_peaks_plot.log
    jobid: 2
    reason: Missing output files: output/3_Hamburg - Fehmarnsund solo mit Alster-Gravel_overall_stats.csv, output/3_Hamburg - Fehmarnsund solo mit Alster-Gravel_peak_segment_data.csv, output/3_Hamburg - Fehmarnsund solo mit Alster-Gravel_peak_analysis_profile.png
    wildcards: basename=Hamburg - Fehmarnsund solo mit Alster-Gravel
    resources: tmpdir=C:\Users\marku\AppData\Local\Temp

RuleException:
CalledProcessError in file "C:\Users\marku\gpx_workflow_GEMINI\Snakefile", line 161:
Command 'python scripts/3_analyze_peaks_plot.py             --input-csv "output/2c_Hamburg - Fehmarnsund solo mit Alster-Gravel_track_data_full_with_elevation.csv"             --output-plot "output/3_Hamburg - Fehmarnsund solo mit Alster-Gravel_peak_analysis_profile.png"             --output-peak-csv "output/3_Hamburg - Fehmarnsund solo mit Alster-Gravel_peak_segment_data.csv"             --output-stats-csv "output/3_Hamburg - Fehmarnsund solo mit Alster-Gravel_overall_stats.csv"             --smooth-window 11             --smooth-poly 2             --gain-threshold 10.0             --eps-height 0.3             --prominence 30.0             --peak-edge-km 0.25             --plot-dpi 250             --plot-x-tick-major 5.0             --plot-x-tick-minor 1.0             --pause-min-duration 120.0             --pause-max-distance 5.0             --places-coords-csv "output/8c_Hamburg - Fehmarnsund solo mit Alster-Gravel_places_relevant_enriched.csv"             > "logs/3_Hamburg - Fehmarnsund solo mit Alster-Gravel_analyze_peaks_plot.log" 2>&1' returned non-zero exit status 1.
[Fri May  9 15:39:32 2025]
Error in rule analyze_peaks_and_plot:
    message: None
    jobid: 2
    input: output/2c_Hamburg - Fehmarnsund solo mit Alster-Gravel_track_data_full_with_elevation.csv, output/8c_Hamburg - Fehmarnsund solo mit Alster-Gravel_places_relevant_enriched.csv
    output: output/3_Hamburg - Fehmarnsund solo mit Alster-Gravel_peak_analysis_profile.png, output/3_Hamburg - Fehmarnsund solo mit Alster-Gravel_peak_segment_data.csv, output/3_Hamburg - Fehmarnsund solo mit Alster-Gravel_overall_stats.csv
    log: logs/3_Hamburg - Fehmarnsund solo mit Alster-Gravel_analyze_peaks_plot.log (check log file(s) for error details)
    shell:
        
        python scripts/3_analyze_peaks_plot.py             --input-csv "output/2c_Hamburg - Fehmarnsund solo mit Alster-Gravel_track_data_full_with_elevation.csv"             --output-plot "output/3_Hamburg - Fehmarnsund solo mit Alster-Gravel_peak_analysis_profile.png"             --output-peak-csv "output/3_Hamburg - Fehmarnsund solo mit Alster-Gravel_peak_segment_data.csv"             --output-stats-csv "output/3_Hamburg - Fehmarnsund solo mit Alster-Gravel_overall_stats.csv"             --smooth-window 11             --smooth-poly 2             --gain-threshold 10.0             --eps-height 0.3             --prominence 30.0             --peak-edge-km 0.25             --plot-dpi 250             --plot-x-tick-major 5.0             --plot-x-tick-minor 1.0             --pause-min-duration 120.0             --pause-max-distance 5.0             --places-coords-csv "output/8c_Hamburg - Fehmarnsund solo mit Alster-Gravel_places_relevant_enriched.csv"             > "logs/3_Hamburg - Fehmarnsund solo mit Alster-Gravel_analyze_peaks_plot.log" 2>&1
        
        (command exited with non-zero exit code)
Shutting down, this might take some time.
Exiting because a job execution failed. Look below for error messages
[Fri May  9 15:39:32 2025]
Error in rule analyze_peaks_and_plot:
    message: None
    jobid: 2
    input: output/2c_Hamburg - Fehmarnsund solo mit Alster-Gravel_track_data_full_with_elevation.csv, output/8c_Hamburg - Fehmarnsund solo mit Alster-Gravel_places_relevant_enriched.csv
    output: output/3_Hamburg - Fehmarnsund solo mit Alster-Gravel_peak_analysis_profile.png, output/3_Hamburg - Fehmarnsund solo mit Alster-Gravel_peak_segment_data.csv, output/3_Hamburg - Fehmarnsund solo mit Alster-Gravel_overall_stats.csv
    log: logs/3_Hamburg - Fehmarnsund solo mit Alster-Gravel_analyze_peaks_plot.log (check log file(s) for error details)
    shell:
        
        python scripts/3_analyze_peaks_plot.py             --input-csv "output/2c_Hamburg - Fehmarnsund solo mit Alster-Gravel_track_data_full_with_elevation.csv"             --output-plot "output/3_Hamburg - Fehmarnsund solo mit Alster-Gravel_peak_analysis_profile.png"             --output-peak-csv "output/3_Hamburg - Fehmarnsund solo mit Alster-Gravel_peak_segment_data.csv"             --output-stats-csv "output/3_Hamburg - Fehmarnsund solo mit Alster-Gravel_overall_stats.csv"             --smooth-window 11             --smooth-poly 2             --gain-threshold 10.0             --eps-height 0.3             --prominence 30.0             --peak-edge-km 0.25             --plot-dpi 250             --plot-x-tick-major 5.0             --plot-x-tick-minor 1.0             --pause-min-duration 120.0             --pause-max-distance 5.0             --places-coords-csv "output/8c_Hamburg - Fehmarnsund solo mit Alster-Gravel_places_relevant_enriched.csv"             > "logs/3_Hamburg - Fehmarnsund solo mit Alster-Gravel_analyze_peaks_plot.log" 2>&1
        
        (command exited with non-zero exit code)
Complete log(s): C:\Users\marku\gpx_workflow_GEMINI\.snakemake\log\2025-05-09T153930.486355.snakemake.log
WorkflowError:
At least one job did not complete successfully.
