Assuming unrestricted shared filesystem usage.
None
host: GALAXYpb360-MWG
Building DAG of jobs...
Provided cores: 1 (use --cores to define parallelism)
Rules claiming more threads will be scaled down.
Job stats:
job                       count
----------------------  -------
all                           1
generate_stage_summary        6
total                         7

Select jobs to execute...
Execute 1 jobs...
[Sun May 11 22:29:59 2025]
localrule generate_stage_summary:
    input: output/3_TT25_D6_3_Siena_overall_stats.csv, output/3_TT25_D6_3_Siena_peak_analysis_profile.png, output/3_TT25_D6_3_Siena_peak_segment_data.csv, output/4_TT25_D6_3_Siena_track_data_with_location_optimized.csv, output/6_TT25_D6_3_Siena_map_full.html, output/6_TT25_D6_3_Siena_map_full.png, output/9_TT25_D6_3_Siena_day_preview_places.md, output/8c_TT25_D6_3_Siena_places_relevant_enriched.csv
    output: output/11_TT25_D6_3_Siena_stage_summary_final.html, output/11_TT25_D6_3_Siena_stage_summary_final.pdf
    log: logs/11_TT25_D6_3_Siena_generate_stage_summary_final.log
    jobid: 33
    reason: Missing output files: output/11_TT25_D6_3_Siena_stage_summary_final.pdf, output/11_TT25_D6_3_Siena_stage_summary_final.html
    wildcards: basename=TT25_D6_3_Siena
    resources: tmpdir=C:\Users\marku\AppData\Local\Temp

Select jobs to execute...
RuleException:
CalledProcessError in file "C:\Users\marku\gpx_workflow_GEMINI\Snakefile", line 476:
Command 'python scripts/11_generate_stage_summary.py             --basename "TT25_D6_3_Siena"             --stats-csv "output/3_TT25_D6_3_Siena_overall_stats.csv"             --profile-png "output/3_TT25_D6_3_Siena_peak_analysis_profile.png"             --peak-csv "output/3_TT25_D6_3_Siena_peak_segment_data.csv"             --geocoded-opt-csv "output/4_TT25_D6_3_Siena_track_data_with_location_optimized.csv"             --map-html "output/6_TT25_D6_3_Siena_map_full.html"             --map-png "output/6_TT25_D6_3_Siena_map_full.png"             --markdown-text "output/9_TT25_D6_3_Siena_day_preview_places.md"             --sorted-places "output/8c_TT25_D6_3_Siena_places_relevant_enriched.csv"             --output-html "output/11_TT25_D6_3_Siena_stage_summary_final.html"             --output-pdf "output/11_TT25_D6_3_Siena_stage_summary_final.pdf"             > "logs/11_TT25_D6_3_Siena_generate_stage_summary_final.log" 2>&1' returned non-zero exit status 1.
[Sun May 11 22:30:03 2025]
Error in rule generate_stage_summary:
    message: None
    jobid: 33
    input: output/3_TT25_D6_3_Siena_overall_stats.csv, output/3_TT25_D6_3_Siena_peak_analysis_profile.png, output/3_TT25_D6_3_Siena_peak_segment_data.csv, output/4_TT25_D6_3_Siena_track_data_with_location_optimized.csv, output/6_TT25_D6_3_Siena_map_full.html, output/6_TT25_D6_3_Siena_map_full.png, output/9_TT25_D6_3_Siena_day_preview_places.md, output/8c_TT25_D6_3_Siena_places_relevant_enriched.csv
    output: output/11_TT25_D6_3_Siena_stage_summary_final.html, output/11_TT25_D6_3_Siena_stage_summary_final.pdf
    log: logs/11_TT25_D6_3_Siena_generate_stage_summary_final.log (check log file(s) for error details)
    shell:
        
        python scripts/11_generate_stage_summary.py             --basename "TT25_D6_3_Siena"             --stats-csv "output/3_TT25_D6_3_Siena_overall_stats.csv"             --profile-png "output/3_TT25_D6_3_Siena_peak_analysis_profile.png"             --peak-csv "output/3_TT25_D6_3_Siena_peak_segment_data.csv"             --geocoded-opt-csv "output/4_TT25_D6_3_Siena_track_data_with_location_optimized.csv"             --map-html "output/6_TT25_D6_3_Siena_map_full.html"             --map-png "output/6_TT25_D6_3_Siena_map_full.png"             --markdown-text "output/9_TT25_D6_3_Siena_day_preview_places.md"             --sorted-places "output/8c_TT25_D6_3_Siena_places_relevant_enriched.csv"             --output-html "output/11_TT25_D6_3_Siena_stage_summary_final.html"             --output-pdf "output/11_TT25_D6_3_Siena_stage_summary_final.pdf"             > "logs/11_TT25_D6_3_Siena_generate_stage_summary_final.log" 2>&1
        
        (command exited with non-zero exit code)
Shutting down, this might take some time.
Exiting because a job execution failed. Look below for error messages
[Sun May 11 22:30:03 2025]
Error in rule generate_stage_summary:
    message: None
    jobid: 33
    input: output/3_TT25_D6_3_Siena_overall_stats.csv, output/3_TT25_D6_3_Siena_peak_analysis_profile.png, output/3_TT25_D6_3_Siena_peak_segment_data.csv, output/4_TT25_D6_3_Siena_track_data_with_location_optimized.csv, output/6_TT25_D6_3_Siena_map_full.html, output/6_TT25_D6_3_Siena_map_full.png, output/9_TT25_D6_3_Siena_day_preview_places.md, output/8c_TT25_D6_3_Siena_places_relevant_enriched.csv
    output: output/11_TT25_D6_3_Siena_stage_summary_final.html, output/11_TT25_D6_3_Siena_stage_summary_final.pdf
    log: logs/11_TT25_D6_3_Siena_generate_stage_summary_final.log (check log file(s) for error details)
    shell:
        
        python scripts/11_generate_stage_summary.py             --basename "TT25_D6_3_Siena"             --stats-csv "output/3_TT25_D6_3_Siena_overall_stats.csv"             --profile-png "output/3_TT25_D6_3_Siena_peak_analysis_profile.png"             --peak-csv "output/3_TT25_D6_3_Siena_peak_segment_data.csv"             --geocoded-opt-csv "output/4_TT25_D6_3_Siena_track_data_with_location_optimized.csv"             --map-html "output/6_TT25_D6_3_Siena_map_full.html"             --map-png "output/6_TT25_D6_3_Siena_map_full.png"             --markdown-text "output/9_TT25_D6_3_Siena_day_preview_places.md"             --sorted-places "output/8c_TT25_D6_3_Siena_places_relevant_enriched.csv"             --output-html "output/11_TT25_D6_3_Siena_stage_summary_final.html"             --output-pdf "output/11_TT25_D6_3_Siena_stage_summary_final.pdf"             > "logs/11_TT25_D6_3_Siena_generate_stage_summary_final.log" 2>&1
        
        (command exited with non-zero exit code)
Complete log(s): C:\Users\marku\gpx_workflow_GEMINI\.snakemake\log\2025-05-11T222958.051658.snakemake.log
WorkflowError:
At least one job did not complete successfully.
