Assuming unrestricted shared filesystem usage.
None
host: GALAXYpb360-MWG
Building DAG of jobs...
Provided cores: 1 (use --cores to define parallelism)
Rules claiming more threads will be scaled down.
Job stats:
job                       count
----------------------  -------
all                           1
generate_stage_summary        1
total                         2

Select jobs to execute...
Execute 1 jobs...
[Sun May 11 18:13:52 2025]
localrule generate_stage_summary:
    input: output/3_Hamburg - Fehmarnsund solo mit Alster-Gravel_overall_stats.csv, output/3_Hamburg - Fehmarnsund solo mit Alster-Gravel_peak_analysis_profile.png, output/3_Hamburg - Fehmarnsund solo mit Alster-Gravel_peak_segment_data.csv, output/4_Hamburg - Fehmarnsund solo mit Alster-Gravel_track_data_with_location_optimized.csv, output/6_Hamburg - Fehmarnsund solo mit Alster-Gravel_map_full.html, output/6_Hamburg - Fehmarnsund solo mit Alster-Gravel_map_full.png, output/9_Hamburg - Fehmarnsund solo mit Alster-Gravel_day_preview_places.md, output/8c_Hamburg - Fehmarnsund solo mit Alster-Gravel_places_relevant_enriched.csv
    output: output/11_Hamburg - Fehmarnsund solo mit Alster-Gravel_stage_summary_final.html, output/11_Hamburg - Fehmarnsund solo mit Alster-Gravel_stage_summary_final.pdf
    log: logs/11_Hamburg - Fehmarnsund solo mit Alster-Gravel_generate_stage_summary_final.log
    jobid: 1
    reason: Missing output files: output/11_Hamburg - Fehmarnsund solo mit Alster-Gravel_stage_summary_final.html, output/11_Hamburg - Fehmarnsund solo mit Alster-Gravel_stage_summary_final.pdf
    wildcards: basename=Hamburg - Fehmarnsund solo mit Alster-Gravel
    resources: tmpdir=C:\Users\marku\AppData\Local\Temp

[Sun May 11 18:14:02 2025]
Finished jobid: 1 (Rule: generate_stage_summary)
1 of 2 steps (50%) done
Select jobs to execute...
Execute 1 jobs...
[Sun May 11 18:14:02 2025]
localrule all:
    input: output/11_Hamburg - Fehmarnsund solo mit Alster-Gravel_stage_summary_final.html, output/11_Hamburg - Fehmarnsund solo mit Alster-Gravel_stage_summary_final.pdf
    jobid: 0
    reason: Input files updated by another job: output/11_Hamburg - Fehmarnsund solo mit Alster-Gravel_stage_summary_final.html, output/11_Hamburg - Fehmarnsund solo mit Alster-Gravel_stage_summary_final.pdf
    resources: tmpdir=C:\Users\marku\AppData\Local\Temp

[Sun May 11 18:14:02 2025]
Finished jobid: 0 (Rule: all)
2 of 2 steps (100%) done
Complete log(s): C:\Users\marku\gpx_workflow_GEMINI\.snakemake\log\2025-05-11T181351.857415.snakemake.log
